
 Tue, 23 May 2017 14:15:46 -0500 INFO : [execute] (C:\Users\paul\Documents\Web Sites\xampp\htdocs\payments\site\assets\libs\authorizenet\vendor\authorizenet\authorizenet\lib\net\authorize\api\controller\base\ApiOperationBase.php : 114) - Request Serialization Begin
 Tue, 23 May 2017 14:15:46 -0500 DEBUG : [execute] (C:\Users\paul\Documents\Web Sites\xampp\htdocs\payments\site\assets\libs\authorizenet\vendor\authorizenet\authorizenet\lib\net\authorize\api\controller\base\ApiOperationBase.php : 115) - net\authorize\api\contract\v1\CreateTransactionRequest Object
(
    [transactionRequest:net\authorize\api\contract\v1\CreateTransactionRequest:private] => net\authorize\api\contract\v1\TransactionRequestType Object
        (
            [transactionType:net\authorize\api\contract\v1\TransactionRequestType:private] => authCaptureTransaction
            [amount:net\authorize\api\contract\v1\TransactionRequestType:private] => 151.51
            [currencyCode:net\authorize\api\contract\v1\TransactionRequestType:private] => 
            [payment:net\authorize\api\contract\v1\TransactionRequestType:private] => net\authorize\api\contract\v1\PaymentType Object
                (
                    [creditCard:net\authorize\api\contract\v1\PaymentType:private] => net\authorize\api\contract\v1\CreditCardType Object
                        (
                            [cardCode:net\authorize\api\contract\v1\CreditCardType:private] => 
                            [isPaymentToken:net\authorize\api\contract\v1\CreditCardType:private] => 
                            [cryptogram:net\authorize\api\contract\v1\CreditCardType:private] => 
                            [cardNumber:net\authorize\api\contract\v1\CreditCardSimpleType:private] => xxxx-1111
                            [expirationDate:net\authorize\api\contract\v1\CreditCardSimpleType:private] => xxxx
                        )

                    [bankAccount:net\authorize\api\contract\v1\PaymentType:private] => 
                    [trackData:net\authorize\api\contract\v1\PaymentType:private] => 
                    [encryptedTrackData:net\authorize\api\contract\v1\PaymentType:private] => 
                    [payPal:net\authorize\api\contract\v1\PaymentType:private] => 
                    [opaqueData:net\authorize\api\contract\v1\PaymentType:private] => 
                    [emv:net\authorize\api\contract\v1\PaymentType:private] => 
                )

            [profile:net\authorize\api\contract\v1\TransactionRequestType:private] => 
            [solution:net\authorize\api\contract\v1\TransactionRequestType:private] => 
            [callId:net\authorize\api\contract\v1\TransactionRequestType:private] => 
            [terminalNumber:net\authorize\api\contract\v1\TransactionRequestType:private] => 
            [authCode:net\authorize\api\contract\v1\TransactionRequestType:private] => 
            [refTransId:net\authorize\api\contract\v1\TransactionRequestType:private] => 
            [splitTenderId:net\authorize\api\contract\v1\TransactionRequestType:private] => 
            [order:net\authorize\api\contract\v1\TransactionRequestType:private] => 
            [lineItems:net\authorize\api\contract\v1\TransactionRequestType:private] => 
            [tax:net\authorize\api\contract\v1\TransactionRequestType:private] => 
            [duty:net\authorize\api\contract\v1\TransactionRequestType:private] => 
            [shipping:net\authorize\api\contract\v1\TransactionRequestType:private] => 
            [taxExempt:net\authorize\api\contract\v1\TransactionRequestType:private] => 
            [poNumber:net\authorize\api\contract\v1\TransactionRequestType:private] => 
            [customer:net\authorize\api\contract\v1\TransactionRequestType:private] => 
            [billTo:net\authorize\api\contract\v1\TransactionRequestType:private] => 
            [shipTo:net\authorize\api\contract\v1\TransactionRequestType:private] => 
            [customerIP:net\authorize\api\contract\v1\TransactionRequestType:private] => 
            [cardholderAuthentication:net\authorize\api\contract\v1\TransactionRequestType:private] => 
            [retail:net\authorize\api\contract\v1\TransactionRequestType:private] => 
            [employeeId:net\authorize\api\contract\v1\TransactionRequestType:private] => 
            [transactionSettings:net\authorize\api\contract\v1\TransactionRequestType:private] => 
            [userFields:net\authorize\api\contract\v1\TransactionRequestType:private] => 
        )

    [merchantAuthentication:net\authorize\api\contract\v1\ANetApiRequestType:private] => net\authorize\api\contract\v1\MerchantAuthenticationType Object
        (
            [name:net\authorize\api\contract\v1\MerchantAuthenticationType:private] => 7uACy97DZY3
            [transactionKey:net\authorize\api\contract\v1\MerchantAuthenticationType:private] => xxxx
            [sessionToken:net\authorize\api\contract\v1\MerchantAuthenticationType:private] => 
            [password:net\authorize\api\contract\v1\MerchantAuthenticationType:private] => 
            [impersonationAuthentication:net\authorize\api\contract\v1\MerchantAuthenticationType:private] => 
            [fingerPrint:net\authorize\api\contract\v1\MerchantAuthenticationType:private] => 
            [clientKey:net\authorize\api\contract\v1\MerchantAuthenticationType:private] => 
            [mobileDeviceId:net\authorize\api\contract\v1\MerchantAuthenticationType:private] => 
        )

    [clientId:net\authorize\api\contract\v1\ANetApiRequestType:private] => sdk-php-1.9.1
    [refId:net\authorize\api\contract\v1\ANetApiRequestType:private] => 
)

 Tue, 23 May 2017 14:15:46 -0500 INFO : [execute] (C:\Users\paul\Documents\Web Sites\xampp\htdocs\payments\site\assets\libs\authorizenet\vendor\authorizenet\authorizenet\lib\net\authorize\api\controller\base\ApiOperationBase.php : 118) - Request  Serialization End
 Tue, 23 May 2017 14:15:46 -0500 INFO : [_sendRequest] (C:\Users\paul\Documents\Web Sites\xampp\htdocs\payments\site\assets\libs\authorizenet\vendor\authorizenet\authorizenet\lib\net\authorize\util\HttpClient.php : 76) -  Url: https://apitest.authorize.net/xml/v1/request.api
 Tue, 23 May 2017 14:15:46 -0500 INFO : [_sendRequest] (C:\Users\paul\Documents\Web Sites\xampp\htdocs\payments\site\assets\libs\authorizenet\vendor\authorizenet\authorizenet\lib\net\authorize\util\HttpClient.php : 78) - Request to AnetApi: 
<?xml version="1.0" encoding="UTF-8"?>
<createTransactionRequest xmlns="AnetApi/xml/v1/schema/AnetApiSchema.xsd">
  <merchantAuthentication>
    <name><![CDATA[7uACy97DZY3]]></name>
    <transactionKey>xxxx</transactionKey>
  </merchantAuthentication>
  <clientId><![CDATA[sdk-php-1.9.1]]></clientId>
  <transactionRequest>
    <transactionType><![CDATA[authCaptureTransaction]]></transactionType>
    <amount>151.51</amount>
    <payment>
      <creditCard>
        <cardNumber>xxxx-1111</cardNumber>
        <expirationDate>xxxx</expirationDate>
      </creditCard>
    </payment>
  </transactionRequest>
</createTransactionRequest>

 Tue, 23 May 2017 14:15:46 -0500 INFO : [_sendRequest] (C:\Users\paul\Documents\Web Sites\xampp\htdocs\payments\site\assets\libs\authorizenet\vendor\authorizenet\authorizenet\lib\net\authorize\util\HttpClient.php : 90) - Sending 'XML' Request type
 Tue, 23 May 2017 14:15:46 -0500 INFO : [_sendRequest] (C:\Users\paul\Documents\Web Sites\xampp\htdocs\payments\site\assets\libs\authorizenet\vendor\authorizenet\authorizenet\lib\net\authorize\util\HttpClient.php : 95) - Sending http request via Curl
 Tue, 23 May 2017 14:15:46 -0500 INFO : [_sendRequest] (C:\Users\paul\Documents\Web Sites\xampp\htdocs\payments\site\assets\libs\authorizenet\vendor\authorizenet\authorizenet\lib\net\authorize\util\HttpClient.php : 97) - Response from AnetApi: ﻿<?xml version="1.0" encoding="utf-8"?><createTransactionResponse xmlns:xsi="http://www.w3.org/2001/XMLSchema-instance" xmlns:xsd="http://www.w3.org/2001/XMLSchema" xmlns="AnetApi/xml/v1/schema/AnetApiSchema.xsd"><messages><resultCode>Ok</resultCode><message><code>I00001</code><text>Successful.</text></message></messages><transactionResponse><responseCode>1</responseCode><authCode>000000</authCode><avsResultCode>P</avsResultCode><cvvResultCode /><cavvResultCode /><transId>0</transId><refTransID /><transHash>11AFA2C10E7D8989257A0B088F7E65E7</transHash><testRequest>1</testRequest><accountNumber>XXXX1111</accountNumber><accountType>Visa</accountType><messages><message><code>1</code><description>This transaction has been approved.</description></message></messages><transHashSha2 /></transactionResponse></createTransactionResponse>
 Tue, 23 May 2017 14:15:46 -0500 INFO : [execute] (C:\Users\paul\Documents\Web Sites\xampp\htdocs\payments\site\assets\libs\authorizenet\vendor\authorizenet\authorizenet\lib\net\authorize\api\controller\base\ApiOperationBase.php : 128) - Response De-Serialization Begin
 Tue, 23 May 2017 14:15:46 -0500 INFO : [execute] (C:\Users\paul\Documents\Web Sites\xampp\htdocs\payments\site\assets\libs\authorizenet\vendor\authorizenet\authorizenet\lib\net\authorize\api\controller\base\ApiOperationBase.php : 130) - Response De-Serialization End
 Tue, 23 May 2017 15:42:30 -0500 INFO : [execute] (C:\Users\paul\Documents\Web Sites\xampp\htdocs\payments\site\assets\libs\authorizenet\vendor\authorizenet\authorizenet\lib\net\authorize\api\controller\base\ApiOperationBase.php : 114) - Request Serialization Begin
 Tue, 23 May 2017 15:42:30 -0500 DEBUG : [execute] (C:\Users\paul\Documents\Web Sites\xampp\htdocs\payments\site\assets\libs\authorizenet\vendor\authorizenet\authorizenet\lib\net\authorize\api\controller\base\ApiOperationBase.php : 115) - net\authorize\api\contract\v1\CreateTransactionRequest Object
(
    [transactionRequest:net\authorize\api\contract\v1\CreateTransactionRequest:private] => net\authorize\api\contract\v1\TransactionRequestType Object
        (
            [transactionType:net\authorize\api\contract\v1\TransactionRequestType:private] => authCaptureTransaction
            [amount:net\authorize\api\contract\v1\TransactionRequestType:private] => 151.51
            [currencyCode:net\authorize\api\contract\v1\TransactionRequestType:private] => 
            [payment:net\authorize\api\contract\v1\TransactionRequestType:private] => net\authorize\api\contract\v1\PaymentType Object
                (
                    [creditCard:net\authorize\api\contract\v1\PaymentType:private] => net\authorize\api\contract\v1\CreditCardType Object
                        (
                            [cardCode:net\authorize\api\contract\v1\CreditCardType:private] => 
                            [isPaymentToken:net\authorize\api\contract\v1\CreditCardType:private] => 
                            [cryptogram:net\authorize\api\contract\v1\CreditCardType:private] => 
                            [cardNumber:net\authorize\api\contract\v1\CreditCardSimpleType:private] => xxxx-1111
                            [expirationDate:net\authorize\api\contract\v1\CreditCardSimpleType:private] => xxxx
                        )

                    [bankAccount:net\authorize\api\contract\v1\PaymentType:private] => 
                    [trackData:net\authorize\api\contract\v1\PaymentType:private] => 
                    [encryptedTrackData:net\authorize\api\contract\v1\PaymentType:private] => 
                    [payPal:net\authorize\api\contract\v1\PaymentType:private] => 
                    [opaqueData:net\authorize\api\contract\v1\PaymentType:private] => 
                    [emv:net\authorize\api\contract\v1\PaymentType:private] => 
                )

            [profile:net\authorize\api\contract\v1\TransactionRequestType:private] => 
            [solution:net\authorize\api\contract\v1\TransactionRequestType:private] => 
            [callId:net\authorize\api\contract\v1\TransactionRequestType:private] => 
            [terminalNumber:net\authorize\api\contract\v1\TransactionRequestType:private] => 
            [authCode:net\authorize\api\contract\v1\TransactionRequestType:private] => 
            [refTransId:net\authorize\api\contract\v1\TransactionRequestType:private] => 
            [splitTenderId:net\authorize\api\contract\v1\TransactionRequestType:private] => 
            [order:net\authorize\api\contract\v1\TransactionRequestType:private] => 
            [lineItems:net\authorize\api\contract\v1\TransactionRequestType:private] => 
            [tax:net\authorize\api\contract\v1\TransactionRequestType:private] => 
            [duty:net\authorize\api\contract\v1\TransactionRequestType:private] => 
            [shipping:net\authorize\api\contract\v1\TransactionRequestType:private] => 
            [taxExempt:net\authorize\api\contract\v1\TransactionRequestType:private] => 
            [poNumber:net\authorize\api\contract\v1\TransactionRequestType:private] => 
            [customer:net\authorize\api\contract\v1\TransactionRequestType:private] => 
            [billTo:net\authorize\api\contract\v1\TransactionRequestType:private] => 
            [shipTo:net\authorize\api\contract\v1\TransactionRequestType:private] => 
            [customerIP:net\authorize\api\contract\v1\TransactionRequestType:private] => 
            [cardholderAuthentication:net\authorize\api\contract\v1\TransactionRequestType:private] => 
            [retail:net\authorize\api\contract\v1\TransactionRequestType:private] => 
            [employeeId:net\authorize\api\contract\v1\TransactionRequestType:private] => 
            [transactionSettings:net\authorize\api\contract\v1\TransactionRequestType:private] => 
            [userFields:net\authorize\api\contract\v1\TransactionRequestType:private] => 
        )

    [merchantAuthentication:net\authorize\api\contract\v1\ANetApiRequestType:private] => net\authorize\api\contract\v1\MerchantAuthenticationType Object
        (
            [name:net\authorize\api\contract\v1\MerchantAuthenticationType:private] => 7uACy97DZY3
            [transactionKey:net\authorize\api\contract\v1\MerchantAuthenticationType:private] => xxxx
            [sessionToken:net\authorize\api\contract\v1\MerchantAuthenticationType:private] => 
            [password:net\authorize\api\contract\v1\MerchantAuthenticationType:private] => 
            [impersonationAuthentication:net\authorize\api\contract\v1\MerchantAuthenticationType:private] => 
            [fingerPrint:net\authorize\api\contract\v1\MerchantAuthenticationType:private] => 
            [clientKey:net\authorize\api\contract\v1\MerchantAuthenticationType:private] => 
            [mobileDeviceId:net\authorize\api\contract\v1\MerchantAuthenticationType:private] => 
        )

    [clientId:net\authorize\api\contract\v1\ANetApiRequestType:private] => sdk-php-1.9.1
    [refId:net\authorize\api\contract\v1\ANetApiRequestType:private] => 
)

 Tue, 23 May 2017 15:42:30 -0500 INFO : [execute] (C:\Users\paul\Documents\Web Sites\xampp\htdocs\payments\site\assets\libs\authorizenet\vendor\authorizenet\authorizenet\lib\net\authorize\api\controller\base\ApiOperationBase.php : 118) - Request  Serialization End
 Tue, 23 May 2017 15:42:30 -0500 INFO : [_sendRequest] (C:\Users\paul\Documents\Web Sites\xampp\htdocs\payments\site\assets\libs\authorizenet\vendor\authorizenet\authorizenet\lib\net\authorize\util\HttpClient.php : 76) -  Url: https://apitest.authorize.net/xml/v1/request.api
 Tue, 23 May 2017 15:42:30 -0500 INFO : [_sendRequest] (C:\Users\paul\Documents\Web Sites\xampp\htdocs\payments\site\assets\libs\authorizenet\vendor\authorizenet\authorizenet\lib\net\authorize\util\HttpClient.php : 78) - Request to AnetApi: 
<?xml version="1.0" encoding="UTF-8"?>
<createTransactionRequest xmlns="AnetApi/xml/v1/schema/AnetApiSchema.xsd">
  <merchantAuthentication>
    <name><![CDATA[7uACy97DZY3]]></name>
    <transactionKey>xxxx</transactionKey>
  </merchantAuthentication>
  <clientId><![CDATA[sdk-php-1.9.1]]></clientId>
  <transactionRequest>
    <transactionType><![CDATA[authCaptureTransaction]]></transactionType>
    <amount>151.51</amount>
    <payment>
      <creditCard>
        <cardNumber>xxxx-1111</cardNumber>
        <expirationDate>xxxx</expirationDate>
      </creditCard>
    </payment>
  </transactionRequest>
</createTransactionRequest>

 Tue, 23 May 2017 15:42:30 -0500 INFO : [_sendRequest] (C:\Users\paul\Documents\Web Sites\xampp\htdocs\payments\site\assets\libs\authorizenet\vendor\authorizenet\authorizenet\lib\net\authorize\util\HttpClient.php : 90) - Sending 'XML' Request type
 Tue, 23 May 2017 15:42:30 -0500 INFO : [_sendRequest] (C:\Users\paul\Documents\Web Sites\xampp\htdocs\payments\site\assets\libs\authorizenet\vendor\authorizenet\authorizenet\lib\net\authorize\util\HttpClient.php : 95) - Sending http request via Curl
 Tue, 23 May 2017 15:42:31 -0500 INFO : [_sendRequest] (C:\Users\paul\Documents\Web Sites\xampp\htdocs\payments\site\assets\libs\authorizenet\vendor\authorizenet\authorizenet\lib\net\authorize\util\HttpClient.php : 97) - Response from AnetApi: ﻿<?xml version="1.0" encoding="utf-8"?><createTransactionResponse xmlns:xsi="http://www.w3.org/2001/XMLSchema-instance" xmlns:xsd="http://www.w3.org/2001/XMLSchema" xmlns="AnetApi/xml/v1/schema/AnetApiSchema.xsd"><messages><resultCode>Ok</resultCode><message><code>I00001</code><text>Successful.</text></message></messages><transactionResponse><responseCode>1</responseCode><authCode>000000</authCode><avsResultCode>P</avsResultCode><cvvResultCode /><cavvResultCode /><transId>0</transId><refTransID /><transHash>11AFA2C10E7D8989257A0B088F7E65E7</transHash><testRequest>1</testRequest><accountNumber>XXXX1111</accountNumber><accountType>Visa</accountType><messages><message><code>1</code><description>This transaction has been approved.</description></message></messages><transHashSha2 /></transactionResponse></createTransactionResponse>
 Tue, 23 May 2017 15:42:31 -0500 INFO : [execute] (C:\Users\paul\Documents\Web Sites\xampp\htdocs\payments\site\assets\libs\authorizenet\vendor\authorizenet\authorizenet\lib\net\authorize\api\controller\base\ApiOperationBase.php : 128) - Response De-Serialization Begin
 Tue, 23 May 2017 15:42:31 -0500 INFO : [execute] (C:\Users\paul\Documents\Web Sites\xampp\htdocs\payments\site\assets\libs\authorizenet\vendor\authorizenet\authorizenet\lib\net\authorize\api\controller\base\ApiOperationBase.php : 130) - Response De-Serialization End